Jul 23 12:00:41.990 INFO: manager: 2.0.1
Jul 23 12:00:41.990 INFO: manager: Copyright (C) 2003-2022, Noriaki Ando and OpenRTM development team,
Jul 23 12:00:41.990 INFO: manager:   Intelligent Systems Research Institute, AIST,
Jul 23 12:00:41.990 INFO: manager: Copyright (C) 2022, Noriaki Ando and OpenRTM development team,
Jul 23 12:00:41.990 INFO: manager:   Industrial Cyber-Physical Research Center, AIST,
Jul 23 12:00:41.990 INFO: manager:   All right reserved.
Jul 23 12:00:41.990 INFO: manager: Manager starting.
Jul 23 12:00:41.990 INFO: manager: Starting local logging.
Jul 23 12:00:41.999 WARNING: NamingOnCorba: No endpoint for the CORBA naming service (localhost) was found.
Jul 23 12:00:41.999 INFO: NamingManager: NameServer connection succeeded: corba/localhost
Jul 23 12:00:41.999 INFO: ManagerServant: Named manager reference (INS) was successfully created.
Jul 23 12:00:42.000 WARNING: ManagerServant: Master manager not found
Jul 23 12:00:42.001 INFO: LocalServiceAdmin: All the local services are enabled.
Jul 23 12:00:42.002 INFO: ec_base: setRate(1000000.000000) done
Jul 23 12:00:42.002 INFO: ec_base: setRate(1000.000000) done
Jul 23 12:00:42.002 INFO: DynamixelController0: 1 execution context was created.
Jul 23 12:00:42.002 INFO: DynamixelController0: Initial active configuration set is default.
Jul 23 12:00:52.014 INFO: ManagerServant: Master manager not found
Jul 23 12:01:02.026 INFO: ManagerServant: Master manager not found
Jul 23 12:01:12.036 INFO: ManagerServant: Master manager not found
Jul 23 12:01:16.207 WARNING: SdoServiceAdmin: No available SDO service in the factory: 
Jul 23 12:01:22.047 INFO: ManagerServant: Master manager not found
Jul 23 12:01:32.057 INFO: ManagerServant: Master manager not found
Jul 23 12:01:42.067 INFO: ManagerServant: Master manager not found
Jul 23 12:01:52.077 INFO: ManagerServant: Master manager not found
Jul 23 12:02:02.087 INFO: ManagerServant: Master manager not found
Jul 23 12:02:12.097 INFO: ManagerServant: Master manager not found
Jul 23 12:02:22.108 INFO: ManagerServant: Master manager not found
Jul 23 12:02:32.117 INFO: ManagerServant: Master manager not found
Jul 23 12:02:42.128 INFO: ManagerServant: Master manager not found
