Jul 23 12:16:39.878 INFO: manager: 2.0.1
Jul 23 12:16:39.878 INFO: manager: Copyright (C) 2003-2022, Noriaki Ando and OpenRTM development team,
Jul 23 12:16:39.878 INFO: manager:   Intelligent Systems Research Institute, AIST,
Jul 23 12:16:39.878 INFO: manager: Copyright (C) 2022, Noriaki Ando and OpenRTM development team,
Jul 23 12:16:39.878 INFO: manager:   Industrial Cyber-Physical Research Center, AIST,
Jul 23 12:16:39.878 INFO: manager:   All right reserved.
Jul 23 12:16:39.878 INFO: manager: Manager starting.
Jul 23 12:16:39.878 INFO: manager: Starting local logging.
Jul 23 12:16:39.888 WARNING: NamingOnCorba: No endpoint for the CORBA naming service (localhost) was found.
Jul 23 12:16:39.888 INFO: NamingManager: NameServer connection succeeded: corba/localhost
Jul 23 12:16:39.889 INFO: ManagerServant: Named manager reference (INS) was successfully created.
Jul 23 12:16:39.890 WARNING: ManagerServant: Master manager not found
Jul 23 12:16:39.891 INFO: LocalServiceAdmin: All the local services are enabled.
Jul 23 12:16:39.891 INFO: ec_base: setRate(1000000.000000) done
Jul 23 12:16:39.891 INFO: ec_base: setRate(1000.000000) done
Jul 23 12:16:39.891 INFO: DynamixelController0: 1 execution context was created.
Jul 23 12:16:39.892 INFO: DynamixelController0: Initial active configuration set is default.
Jul 23 12:16:48.963 WARNING: SdoServiceAdmin: No available SDO service in the factory: 
Jul 23 12:16:49.904 INFO: ManagerServant: Master manager not found
Jul 23 12:16:59.917 INFO: ManagerServant: Master manager not found
Jul 23 12:17:09.929 INFO: ManagerServant: Master manager not found
Jul 23 12:17:19.940 INFO: ManagerServant: Master manager not found
Jul 23 12:17:29.951 INFO: ManagerServant: Master manager not found
Jul 23 12:17:39.961 INFO: ManagerServant: Master manager not found
Jul 23 12:17:49.973 INFO: ManagerServant: Master manager not found
Jul 23 12:17:59.983 INFO: ManagerServant: Master manager not found
Jul 23 12:18:09.994 INFO: ManagerServant: Master manager not found
Jul 23 12:18:20.003 INFO: ManagerServant: Master manager not found
Jul 23 12:18:30.013 INFO: ManagerServant: Master manager not found
Jul 23 12:18:40.023 INFO: ManagerServant: Master manager not found
Jul 23 12:18:50.035 INFO: ManagerServant: Master manager not found
Jul 23 12:19:00.046 INFO: ManagerServant: Master manager not found
Jul 23 12:19:10.057 INFO: ManagerServant: Master manager not found
Jul 23 12:19:20.066 INFO: ManagerServant: Master manager not found
Jul 23 12:19:30.076 INFO: ManagerServant: Master manager not found
Jul 23 12:19:40.087 INFO: ManagerServant: Master manager not found
Jul 23 12:19:50.098 INFO: ManagerServant: Master manager not found
Jul 23 12:20:00.107 INFO: ManagerServant: Master manager not found
Jul 23 12:20:10.118 INFO: ManagerServant: Master manager not found
Jul 23 12:20:20.129 INFO: ManagerServant: Master manager not found
Jul 23 12:20:30.139 INFO: ManagerServant: Master manager not found
Jul 23 12:20:40.152 INFO: ManagerServant: Master manager not found
Jul 23 12:20:50.163 INFO: ManagerServant: Master manager not found
Jul 23 12:21:00.173 INFO: ManagerServant: Master manager not found
Jul 23 12:21:10.182 INFO: ManagerServant: Master manager not found
Jul 23 12:21:20.193 INFO: ManagerServant: Master manager not found
Jul 23 12:21:30.205 INFO: ManagerServant: Master manager not found
Jul 23 12:21:40.216 INFO: ManagerServant: Master manager not found
Jul 23 12:21:50.227 INFO: ManagerServant: Master manager not found
Jul 23 12:22:00.239 INFO: ManagerServant: Master manager not found
Jul 23 12:22:10.249 INFO: ManagerServant: Master manager not found
Jul 23 12:22:20.260 INFO: ManagerServant: Master manager not found
Jul 23 12:22:30.271 INFO: ManagerServant: Master manager not found
Jul 23 12:22:40.280 INFO: ManagerServant: Master manager not found
Jul 23 12:22:50.291 INFO: ManagerServant: Master manager not found
Jul 23 12:23:00.301 INFO: ManagerServant: Master manager not found
Jul 23 12:23:10.312 INFO: ManagerServant: Master manager not found
Jul 23 12:23:20.322 INFO: ManagerServant: Master manager not found
Jul 23 12:23:30.333 INFO: ManagerServant: Master manager not found
Jul 23 12:23:40.343 INFO: ManagerServant: Master manager not found
Jul 23 12:23:50.351 INFO: ManagerServant: Master manager not found
Jul 23 12:24:00.361 INFO: ManagerServant: Master manager not found
Jul 23 12:24:10.370 INFO: ManagerServant: Master manager not found
Jul 23 12:24:20.377 INFO: ManagerServant: Master manager not found
Jul 23 12:24:30.384 INFO: ManagerServant: Master manager not found
Jul 23 12:24:40.395 INFO: ManagerServant: Master manager not found
Jul 23 12:24:50.402 INFO: ManagerServant: Master manager not found
Jul 23 12:25:00.413 INFO: ManagerServant: Master manager not found
Jul 23 12:25:10.425 INFO: ManagerServant: Master manager not found
Jul 23 12:25:20.437 INFO: ManagerServant: Master manager not found
Jul 23 12:25:30.447 INFO: ManagerServant: Master manager not found
Jul 23 12:25:40.459 INFO: ManagerServant: Master manager not found
Jul 23 12:25:42.690 WARNING: command: Dead connection: 62652ac9-b847-4c9a-acc3-a52517526890
Jul 23 12:25:42.690 WARNING: command: Exception caught: minor code(1096024066).
