Jul 23 12:06:25.017 INFO: manager: 2.0.1
Jul 23 12:06:25.017 INFO: manager: Copyright (C) 2003-2022, Noriaki Ando and OpenRTM development team,
Jul 23 12:06:25.017 INFO: manager:   Intelligent Systems Research Institute, AIST,
Jul 23 12:06:25.017 INFO: manager: Copyright (C) 2022, Noriaki Ando and OpenRTM development team,
Jul 23 12:06:25.017 INFO: manager:   Industrial Cyber-Physical Research Center, AIST,
Jul 23 12:06:25.017 INFO: manager:   All right reserved.
Jul 23 12:06:25.017 INFO: manager: Manager starting.
Jul 23 12:06:25.017 INFO: manager: Starting local logging.
Jul 23 12:06:25.026 WARNING: NamingOnCorba: No endpoint for the CORBA naming service (localhost) was found.
Jul 23 12:06:25.026 INFO: NamingManager: NameServer connection succeeded: corba/localhost
Jul 23 12:06:25.027 INFO: ManagerServant: Named manager reference (INS) was successfully created.
Jul 23 12:06:25.028 WARNING: ManagerServant: Master manager not found
Jul 23 12:06:25.029 INFO: LocalServiceAdmin: All the local services are enabled.
Jul 23 12:06:25.030 INFO: ec_base: setRate(1000000.000000) done
Jul 23 12:06:25.030 INFO: ec_base: setRate(1000.000000) done
Jul 23 12:06:25.030 INFO: DynamixelController0: 1 execution context was created.
Jul 23 12:06:25.031 INFO: DynamixelController0: Initial active configuration set is default.
Jul 23 12:06:35.043 INFO: ManagerServant: Master manager not found
Jul 23 12:06:45.054 INFO: ManagerServant: Master manager not found
Jul 23 12:06:55.066 INFO: ManagerServant: Master manager not found
Jul 23 12:07:03.724 WARNING: SdoServiceAdmin: No available SDO service in the factory: 
Jul 23 12:07:05.076 INFO: ManagerServant: Master manager not found
Jul 23 12:07:15.085 INFO: ManagerServant: Master manager not found
